2020-10-08 13:46:57,838 INFO o.a.j.u.JMeterUtils: Setting Locale to en_EN
2020-10-08 13:46:57,885 INFO o.a.j.JMeter: Loading user properties from: /usr/local/Cellar/jmeter/5.2.1/libexec/bin/user.properties
2020-10-08 13:46:57,887 INFO o.a.j.JMeter: Loading system properties from: /usr/local/Cellar/jmeter/5.2.1/libexec/bin/system.properties
2020-10-08 13:46:57,888 INFO o.a.j.JMeter: Copyright (c) 1998-2019 The Apache Software Foundation
2020-10-08 13:46:57,888 INFO o.a.j.JMeter: Version 5.2.1
2020-10-08 13:46:57,888 INFO o.a.j.JMeter: java.version=1.8.0_222
2020-10-08 13:46:57,888 INFO o.a.j.JMeter: java.vm.name=OpenJDK 64-Bit Server VM
2020-10-08 13:46:57,889 INFO o.a.j.JMeter: os.name=Mac OS X
2020-10-08 13:46:57,889 INFO o.a.j.JMeter: os.arch=x86_64
2020-10-08 13:46:57,889 INFO o.a.j.JMeter: os.version=10.14.6
2020-10-08 13:46:57,889 INFO o.a.j.JMeter: file.encoding=UTF-8
2020-10-08 13:46:57,889 INFO o.a.j.JMeter: java.awt.headless=null
2020-10-08 13:46:57,889 INFO o.a.j.JMeter: Max memory     =1073741824
2020-10-08 13:46:57,889 INFO o.a.j.JMeter: Available Processors =12
2020-10-08 13:46:57,895 INFO o.a.j.JMeter: Default Locale=English (EN)
2020-10-08 13:46:57,896 INFO o.a.j.JMeter: JMeter  Locale=English (EN)
2020-10-08 13:46:57,896 INFO o.a.j.JMeter: JMeterHome=/usr/local/Cellar/jmeter/5.2.1/libexec
2020-10-08 13:46:57,896 INFO o.a.j.JMeter: user.dir  =/Users/sakhia/Downloads/leetcode/leetcode
2020-10-08 13:46:57,896 INFO o.a.j.JMeter: PWD       =/Users/sakhia/Downloads/leetcode/leetcode
2020-10-08 13:46:57,898 INFO o.a.j.JMeter: IP: 192.168.1.8 Name: sakhia-a01.vmware.com FullName: 192.168.1.8
2020-10-08 13:47:03,843 INFO o.a.j.g.a.LookAndFeelCommand: Installing Darcula LAF
2020-10-08 13:47:03,873 INFO o.a.j.g.a.LookAndFeelCommand: Using look and feel: com.bulenkov.darcula.DarculaLaf [Darcula]
2020-10-08 13:47:03,873 INFO o.a.j.JMeter: Setting LAF to: com.bulenkov.darcula.DarculaLaf
2020-10-08 13:47:03,969 INFO o.a.j.JMeter: Loaded icon properties from org/apache/jmeter/images/icon.properties
2020-10-08 13:47:04,898 INFO o.j.r.JARSourceHTTP: Requesting https://jmeter-plugins.org/repo/?installID=mac_os_x-2aef861e71ef2fa7c3e90593cc9e1a6c-gui
2020-10-08 13:47:06,876 INFO o.a.j.p.h.s.HTTPSamplerBase: Parser for text/html is org.apache.jmeter.protocol.http.parser.LagartoBasedHtmlParser
2020-10-08 13:47:06,877 INFO o.a.j.p.h.s.HTTPSamplerBase: Parser for application/xhtml+xml is org.apache.jmeter.protocol.http.parser.LagartoBasedHtmlParser
2020-10-08 13:47:06,877 INFO o.a.j.p.h.s.HTTPSamplerBase: Parser for application/xml is org.apache.jmeter.protocol.http.parser.LagartoBasedHtmlParser
2020-10-08 13:47:06,877 INFO o.a.j.p.h.s.HTTPSamplerBase: Parser for text/xml is org.apache.jmeter.protocol.http.parser.LagartoBasedHtmlParser
2020-10-08 13:47:06,877 INFO o.a.j.p.h.s.HTTPSamplerBase: Parser for text/vnd.wap.wml is org.apache.jmeter.protocol.http.parser.RegexpHTMLParser
2020-10-08 13:47:06,877 INFO o.a.j.p.h.s.HTTPSamplerBase: Parser for text/css is org.apache.jmeter.protocol.http.parser.CssParser
2020-10-08 13:47:07,287 INFO o.a.j.e.KeyToolUtils: keytool found at 'keytool'
2020-10-08 13:47:07,287 INFO o.a.j.p.h.p.ProxyControl: HTTP(S) Test Script Recorder SSL Proxy will use keys that support embedded 3rd party resources in file /usr/local/Cellar/jmeter/5.2.1/libexec/bin/proxyserver.jks
2020-10-08 13:47:07,434 INFO o.a.j.s.FileServer: Default base='/Users/sakhia/Downloads/leetcode/leetcode'
2020-10-08 13:47:07,724 INFO o.a.j.s.SampleResult: Note: Sample TimeStamps are START times
2020-10-08 13:47:07,724 INFO o.a.j.s.SampleResult: sampleresult.default.encoding is set to ISO-8859-1
2020-10-08 13:47:07,725 INFO o.a.j.s.SampleResult: sampleresult.useNanoTime=true
2020-10-08 13:47:07,725 INFO o.a.j.s.SampleResult: sampleresult.nanoThreadSleep=5000
2020-10-08 13:47:07,746 INFO o.a.j.v.ViewResultsFullVisualizer: Add JavaFX to your Java installation if you want to use renderer: org.apache.jmeter.visualizers.RenderInBrowser
2020-10-08 13:47:08,103 INFO o.j.r.PluginManager: Plugins Status: [jpgc-plugins-manager=1.3, jmeter-core=5.2.1, jmeter-ftp=5.2.1, jmeter-http=5.2.1, jmeter-jdbc=5.2.1, jmeter-jms=5.2.1, jmeter-junit=5.2.1, jmeter-java=5.2.1, jmeter-ldap=5.2.1, jmeter-mail=5.2.1, jmeter-mongodb=5.2.1, jmeter-native=5.2.1, jmeter-tcp=5.2.1, jmeter-components=5.2.1]
2020-10-08 13:47:08,105 INFO o.j.r.PluginManagerMenuItem: Plugins Manager has upgrades: [jpgc-plugins-manager]
2020-10-08 13:47:12,166 INFO o.a.j.g.a.Load: Loading file: /Users/sakhia/capacity_ussage.jmx
2020-10-08 13:47:12,166 INFO o.a.j.s.FileServer: Set new base='/Users/sakhia'
2020-10-08 13:47:12,295 INFO o.a.j.s.SaveService: Testplan (JMX) version: 2.2. Testlog (JTL) version: 2.2
2020-10-08 13:47:12,303 INFO o.a.j.s.SaveService: Using SaveService properties file encoding UTF-8
2020-10-08 13:47:12,304 INFO o.a.j.s.SaveService: Using SaveService properties version 5.0
2020-10-08 13:47:12,306 INFO o.a.j.s.SaveService: Loading file: /Users/sakhia/capacity_ussage.jmx
2020-10-08 13:47:12,549 INFO o.a.j.v.ViewResultsFullVisualizer: Add JavaFX to your Java installation if you want to use renderer: org.apache.jmeter.visualizers.RenderInBrowser
2020-10-08 13:47:12,618 INFO o.a.j.v.ViewResultsFullVisualizer: Add JavaFX to your Java installation if you want to use renderer: org.apache.jmeter.visualizers.RenderInBrowser
2020-10-08 13:47:12,638 INFO o.a.j.s.FileServer: Set new base='/Users/sakhia'
